	k8s.io/kubernetes/cmd/kubeadm/app/kubeadm.go:47
main.main
	k8s.io/kubernetes/cmd/kubeadm/kubeadm.go:25
runtime.main
	runtime/proc.go:271
runtime.goexit
	runtime/asm_amd64.s:1695
error execution phase wait-control-plane
k8s.io/kubernetes/cmd/kubeadm/app/cmd/phases/workflow.(*Runner).Run.func1
	k8s.io/kubernetes/cmd/kubeadm/app/cmd/phases/workflow/runner.go:260
k8s.io/kubernetes/cmd/kubeadm/app/cmd/phases/workflow.(*Runner).visitAll
	k8s.io/kubernetes/cmd/kubeadm/app/cmd/phases/workflow/runner.go:446
k8s.io/kubernetes/cmd/kubeadm/app/cmd/phases/workflow.(*Runner).Run
	k8s.io/kubernetes/cmd/kubeadm/app/cmd/phases/workflow/runner.go:232
k8s.io/kubernetes/cmd/kubeadm/app/cmd.newCmdInit.func1
	k8s.io/kubernetes/cmd/kubeadm/app/cmd/init.go:128
github.com/spf13/cobra.(*Command).execute
	github.com/spf13/cobra@v1.8.1/command.go:985
github.com/spf13/cobra.(*Command).ExecuteC
	github.com/spf13/cobra@v1.8.1/command.go:1117
github.com/spf13/cobra.(*Command).Execute
	github.com/spf13/cobra@v1.8.1/command.go:1041
k8s.io/kubernetes/cmd/kubeadm/app.Run
	k8s.io/kubernetes/cmd/kubeadm/app/kubeadm.go:47
main.main
	k8s.io/kubernetes/cmd/kubeadm/kubeadm.go:25
runtime.main
	runtime/proc.go:271
runtime.goexit
	runtime/asm_amd64.s:1695
