           ]  17%  Writing 106/123  · 28s → 2:23
⠴ [████▋                       ]  17%  Writing 107/123  · 28s → 2:22                                                    
⠴ [████▋                       ]  17%  Writing 107/123  · 28s → 2:22
⠦ [████▊                       ]  17%  Writing 108/123  · 28s → 2:22                                                    
⠦ [████▊                       ]  17%  Writing 108/123  · 28s → 2:22
⠧ [████▊                       ]  17%  Writing 109/123  · 28s → 2:22                                                    
⠧ [████▊                       ]  17%  Writing 109/123  · 28s → 2:22
⠇ [████▊                       ]  17%  Writing 110/123  · 28s → 2:22                                                    
⠇ [████▊                       ]  17%  Writing 110/123  · 28s → 2:22
⠏ [████▊                       ]  17%  Writing 111/123  · 28s → 2:22                                                    
⠏ [████▊                       ]  17%  Writing 111/123  · 28s → 2:22
⠋ [████▊                       ]  17%  Writing 112/123  · 28s → 2:22                                                    
⠋ [████▊                       ]  17%  Writing 112/123  · 28s → 2:22
⠙ [████▊                       ]  17%  Writing 113/123  · 28s → 2:22                                                    
⠙ [████▊                       ]  17%  Writing 113/123  · 28s → 2:22
⠹ [████▊                       ]  17%  Writing 114/123  · 28s → 2:22                                                    
⠹ [████▊                       ]  17%  Writing 114/123  · 28s → 2:22
⠸ [████▊                       ]  17%  Writing 115/123  · 28s → 2:22                                                    
⠸ [████▊                       ]  17%  Writing 115/123  · 28s → 2:22
⠼ [████▊                       ]  17%  Writing 116/123  · 28s → 2:21                                                    
⠼ [████▊                       ]  17%  Writing 116/123  · 28s → 2:21
⠴ [████▊                       ]  17%  Writing 117/123  · 28s → 2:21                                                    
⠴ [████▊                       ]  17%  Writing 117/123  · 28s → 2:21
⠦ [████▊                       ]  17%  Writing 118/123  · 28s → 2:21                                                    
⠦ [████▊                       ]  17%  Writing 118/123  · 28s → 2:21
⠧ [████▊                       ]  17%  Writing 119/123  · 28s → 2:21                                                    
⠧ [████▊                       ]  17%  Writing 119/123  · 28s → 2:21
⠇ [████▊                       ]  17%  Writing 120/123  · 28s → 2:21                                                    
⠇ [████▊                       ]  17%  Writing 120/123  · 28s → 2:21
⠏ [████▊                       ]  17%  Writing 121/123  · 28s → 2:21                                                    
⠏ [████▊                       ]  17%  Writing 121/123  · 28s → 2:21
⠋ [████▊                       ]  17%  Writing 122/123  · 28s → 2:21                                                    
⠋ [████▊                       ]  17%  Writing 122/123  · 28s → 2:21
⠙ [████▊                       ]  17%  Writing 123/123  · 28s → 2:20                                                    
⠙ [████▊                       ]  17%  Writing 123/123  · 28s → 2:20
==================================================================
  MIST findings: ✓ no oracle anomalies across 0 executed test case(s)
==================================================================
